<?xml version="1.0" encoding="UTF-8"?>
<testsuite xmlns:xsi="http://www.w3.org/2001/XMLSchema-instance" xsi:noNamespaceSchemaLocation="https://maven.apache.org/surefire/maven-surefire-plugin/xsd/surefire-test-report.xsd" version="3.0.2" name="io.nology.trivia_api.TriviaApiApplicationTests" time="1.991" tests="1" errors="0" skipped="0" failures="0">
  <properties>
[...]
</properties>
  <testcase name="contextLoads" classname="io.nology.trivia_api.TriviaApiApplicationTests" time="0.26">
    <system-out><![CDATA[23:36:22.270 [main] INFO org.springframework.test.context.support.AnnotationConfigContextLoaderUtils -- Could not detect default configuration classes for test class [io.nology.trivia_api.TriviaApiApplicationTests]: TriviaApiApplicationTests does not declare any static, non-private, non-final, nested classes annotated with @Configuration.
23:36:22.308 [main] INFO org.springframework.boot.test.context.SpringBootTestContextBootstrapper -- Found @SpringBootConfiguration io.nology.trivia_api.TriviaApiApplication for test class io.nology.trivia_api.TriviaApiApplicationTests
23:36:22.362 [main] INFO org.springframework.boot.devtools.restart.RestartApplicationListener -- Restart disabled due to context in which it is running

  .   ____          _            __ _ _
 /\\ / ___'_ __ _ _(_)_ __  __ _ \ \ \ \
( ( )\___ | '_ | '_| | '_ \/ _` | \ \ \ \
 \\/  ___)| |_)| | | | | || (_| |  ) ) ) )
  '  |____| .__|_| |_|_| |_\__, | / / / /
 =========|_|==============|___/=/_/_/_/

 :: Spring Boot ::                (v3.4.4)

2025-04-03T23:36:22.450+11:00  INFO 42464 --- [trivia-api] [           main] i.n.t.TriviaApiApplicationTests          : Starting TriviaApiApplicationTests using Java 21.0.2 with PID 42464 (started by muriellebeaulieu in /Users/muriellebeaulieu/Nology/Projects/Trivia-API)
2025-04-03T23:36:22.450+11:00  INFO 42464 --- [trivia-api] [           main] i.n.t.TriviaApiApplicationTests          : The following 1 profile is active: "dev"
2025-04-03T23:36:22.652+11:00  INFO 42464 --- [trivia-api] [           main] .s.d.r.c.RepositoryConfigurationDelegate : Bootstrapping Spring Data JPA repositories in DEFAULT mode.
2025-04-03T23:36:22.660+11:00  INFO 42464 --- [trivia-api] [           main] .s.d.r.c.RepositoryConfigurationDelegate : Finished Spring Data repository scanning in 4 ms. Found 0 JPA repository interfaces.
2025-04-03T23:36:22.771+11:00  INFO 42464 --- [trivia-api] [           main] o.hibernate.jpa.internal.util.LogHelper  : HHH000204: Processing PersistenceUnitInfo [name: default]
2025-04-03T23:36:22.791+11:00  INFO 42464 --- [trivia-api] [           main] org.hibernate.Version                    : HHH000412: Hibernate ORM core version 6.6.11.Final
2025-04-03T23:36:22.801+11:00  INFO 42464 --- [trivia-api] [           main] o.h.c.internal.RegionFactoryInitiator    : HHH000026: Second-level cache disabled
2025-04-03T23:36:22.891+11:00  INFO 42464 --- [trivia-api] [           main] o.s.o.j.p.SpringPersistenceUnitInfo      : No LoadTimeWeaver setup: ignoring JPA class transformer
2025-04-03T23:36:22.900+11:00  INFO 42464 --- [trivia-api] [           main] com.zaxxer.hikari.HikariDataSource       : HikariPool-1 - Starting...
2025-04-03T23:36:23.020+11:00  INFO 42464 --- [trivia-api] [           main] com.zaxxer.hikari.pool.HikariPool        : HikariPool-1 - Added connection com.mysql.cj.jdbc.ConnectionImpl@42cc5460
2025-04-03T23:36:23.021+11:00  INFO 42464 --- [trivia-api] [           main] com.zaxxer.hikari.HikariDataSource       : HikariPool-1 - Start completed.
2025-04-03T23:36:23.040+11:00  WARN 42464 --- [trivia-api] [           main] org.hibernate.orm.deprecation            : HHH90000025: MySQLDialect does not need to be specified explicitly using 'hibernate.dialect' (remove the property setting and it will be selected by default)
2025-04-03T23:36:23.045+11:00  INFO 42464 --- [trivia-api] [           main] org.hibernate.orm.connections.pooling    : HHH10001005: Database info:
	Database JDBC URL [Connecting through datasource 'HikariDataSource (HikariPool-1)']
	Database driver: undefined/unknown
	Database version: 9.2
	Autocommit mode: undefined/unknown
	Isolation level: undefined/unknown
	Minimum pool size: undefined/unknown
	Maximum pool size: undefined/unknown
2025-04-03T23:36:23.398+11:00  INFO 42464 --- [trivia-api] [           main] o.h.e.t.j.p.i.JtaPlatformInitiator       : HHH000489: No JTA platform available (set 'hibernate.transaction.jta.platform' to enable JTA platform integration)
Hibernate: 
    create table quiz_questions (
        id bigint not null auto_increment,
        answer_provided varchar(255),
        correct_answer bit,
        question_title varchar(255),
        primary key (id)
    ) engine=InnoDB
Hibernate: 
    create table quiz_results (
        id bigint not null auto_increment,
        created_at datetime(6),
        difficulty tinyint check (difficulty between 0 and 2),
        score bigint,
        user_id bigint not null,
        primary key (id)
    ) engine=InnoDB
Hibernate: 
    create table quiz_results_questions (
        quiz_result_id bigint not null,
        questions_id bigint not null
    ) engine=InnoDB
Hibernate: 
    create table users (
        id bigint not null auto_increment,
        created_at datetime(6),
        email varchar(255),
        first_name varchar(255),
        last_name varchar(255),
        password varchar(255),
        updated_at datetime(6),
        primary key (id)
    ) engine=InnoDB
Hibernate: 
    create table users_quizzes (
        user_id bigint not null,
        quizzes_id bigint not null
    ) engine=InnoDB
Hibernate: 
    alter table quiz_results_questions 
       drop index UKr4ghq5ajy4kifx8s7xqxwciww
Hibernate: 
    alter table quiz_results_questions 
       add constraint UKr4ghq5ajy4kifx8s7xqxwciww unique (questions_id)
Hibernate: 
    alter table users_quizzes 
       drop index UKrd1jtaqovgodtrtllhpcboyxv
Hibernate: 
    alter table users_quizzes 
       add constraint UKrd1jtaqovgodtrtllhpcboyxv unique (quizzes_id)
Hibernate: 
    alter table quiz_results 
       add constraint FKc31xkn83q9v6yf9gh2spkvxrc 
       foreign key (user_id) 
       references users (id)
Hibernate: 
    alter table quiz_results_questions 
       add constraint FKlb05a8mmlvyboaxd7ucaalgg0 
       foreign key (questions_id) 
       references quiz_questions (id)
Hibernate: 
    alter table quiz_results_questions 
       add constraint FKrxbi2liw2cwgeupdsvlccgm9x 
       foreign key (quiz_result_id) 
       references quiz_results (id)
Hibernate: 
    alter table users_quizzes 
       add constraint FKk87q6sjtt0amu39suak1ojxqs 
       foreign key (quizzes_id) 
       references quiz_results (id)
Hibernate: 
    alter table users_quizzes 
       add constraint FKg7kqytdxf4gdl26h2qc7i4ja7 
       foreign key (user_id) 
       references users (id)
2025-04-03T23:36:23.762+11:00  INFO 42464 --- [trivia-api] [           main] j.LocalContainerEntityManagerFactoryBean : Initialized JPA EntityManagerFactory for persistence unit 'default'
2025-04-03T23:36:23.817+11:00  WARN 42464 --- [trivia-api] [           main] JpaBaseConfiguration$JpaWebConfiguration : spring.jpa.open-in-view is enabled by default. Therefore, database queries may be performed during view rendering. Explicitly configure spring.jpa.open-in-view to disable this warning
2025-04-03T23:36:23.947+11:00  INFO 42464 --- [trivia-api] [           main] i.n.t.TriviaApiApplicationTests          : Started TriviaApiApplicationTests in 1.589 seconds (process running for 1.889)
]]></system-out>
    <system-err><![CDATA[Mockito is currently self-attaching to enable the inline-mock-maker. This will no longer work in future releases of the JDK. Please add Mockito as an agent to your build what is described in Mockito's documentation: https://javadoc.io/doc/org.mockito/mockito-core/latest/org/mockito/Mockito.html#0.3
WARNING: A Java agent has been loaded dynamically (/Users/muriellebeaulieu/.m2/repository/net/bytebuddy/byte-buddy-agent/1.15.11/byte-buddy-agent-1.15.11.jar)
WARNING: If a serviceability tool is in use, please run with -XX:+EnableDynamicAgentLoading to hide this warning
WARNING: If a serviceability tool is not in use, please run with -Djdk.instrument.traceUsage for more information
WARNING: Dynamic loading of agents will be disallowed by default in a future release
]]></system-err>
  </testcase>
</testsuite>